This file contains any messages produced by compilers while
running configure, to aid debugging if configure makes a mistake.

It was created by libisal configure 2.28.0, which was
generated by GNU Autoconf 2.71.  Invocation command line was

  $ ./configure 'CFLAGS=-fPIC -g -O2' --enable-shared=no --no-create --no-recursion

## --------- ##
## Platform. ##
## --------- ##

hostname = hyc-MS-7D25
uname -m = x86_64
uname -r = 6.8.0-58-generic
uname -s = Linux
uname -v = #60~22.04.1-Ubuntu SMP PREEMPT_DYNAMIC Fri Mar 28 16:09:21 UTC 2

/usr/bin/uname -p = x86_64
/bin/uname -X     = unknown

/bin/arch              = x86_64
/usr/bin/arch -k       = unknown
/usr/convex/getsysinfo = unknown
/usr/bin/hostinfo      = unknown
/bin/machine           = unknown
/usr/bin/oslevel       = unknown
/bin/universe          = unknown

PATH: /usr/local/sbin/
PATH: /usr/local/bin/
PATH: /usr/sbin/
PATH: /usr/bin/
PATH: /sbin/
PATH: /bin/
PATH: /usr/games/
PATH: /usr/local/games/
PATH: /snap/bin/


## ----------- ##
## Core tests. ##
## ----------- ##

configure:2547: looking for aux files: ltmain.sh config.guess config.sub compile missing install-sh
configure:2560:  trying ./build-aux/
configure:2589:   ./build-aux/ltmain.sh found
configure:2589:   ./build-aux/config.guess found
configure:2589:   ./build-aux/config.sub found
configure:2589:   ./build-aux/compile found
configure:2589:   ./build-aux/missing found
configure:2571:   ./build-aux/install-sh found
configure:2720: checking for a BSD-compatible install
configure:2793: result: /usr/bin/install -c
configure:2804: checking whether build environment is sane
configure:2859: result: yes
configure:3018: checking for a race-free mkdir -p
configure:3062: result: /usr/bin/mkdir -p
configure:3069: checking for gawk
configure:3104: result: no
configure:3069: checking for mawk
configure:3090: found /usr/bin/mawk
configure:3101: result: mawk
configure:3112: checking whether make sets $(MAKE)
configure:3135: result: yes
configure:3165: checking whether make supports nested variables
configure:3183: result: yes
configure:3258: checking how to create a pax tar archive
configure:3269: tar --version
tar (GNU tar) 1.34
Copyright (C) 2021 Free Software Foundation, Inc.
License GPLv3+: GNU GPL version 3 or later <https://gnu.org/licenses/gpl.html>.
This is free software: you are free to change and redistribute it.
There is NO WARRANTY, to the extent permitted by law.

Written by John Gilmore and Jay Fenlason.
configure:3272: $? = 0
configure:3312: tardir=conftest.dir && eval tar --format=posix -chf - "$tardir" >conftest.tar
configure:3315: $? = 0
configure:3319: tar -xf - <conftest.tar
configure:3322: $? = 0
configure:3324: cat conftest.dir/file
GrepMe
configure:3327: $? = 0
configure:3341: result: gnutar
configure:3418: checking whether make supports the include directive
configure:3433: make -f confmf.GNU && cat confinc.out
make[3]: Entering directory '/home/hyc/xssdtest_ai/xt_platform/spdk/isa-l'
make[3]: Leaving directory '/home/hyc/xssdtest_ai/xt_platform/spdk/isa-l'
this is the am__doit target
configure:3436: $? = 0
configure:3455: result: yes (GNU style)
configure:3531: checking for gcc
configure:3552: found /usr/bin/gcc
configure:3563: result: gcc
configure:3916: checking for C compiler version
configure:3925: gcc --version >&5
gcc (Ubuntu 11.4.0-1ubuntu1~22.04) 11.4.0
Copyright (C) 2021 Free Software Foundation, Inc.
This is free software; see the source for copying conditions.  There is NO
warranty; not even for MERCHANTABILITY or FITNESS FOR A PARTICULAR PURPOSE.

configure:3936: $? = 0
configure:3925: gcc -v >&5
Using built-in specs.
COLLECT_GCC=gcc
COLLECT_LTO_WRAPPER=/usr/lib/gcc/x86_64-linux-gnu/11/lto-wrapper
OFFLOAD_TARGET_NAMES=nvptx-none:amdgcn-amdhsa
OFFLOAD_TARGET_DEFAULT=1
Target: x86_64-linux-gnu
Configured with: ../src/configure -v --with-pkgversion='Ubuntu 11.4.0-1ubuntu1~22.04' --with-bugurl=file:///usr/share/doc/gcc-11/README.Bugs --enable-languages=c,ada,c++,go,brig,d,fortran,objc,obj-c++,m2 --prefix=/usr --with-gcc-major-version-only --program-suffix=-11 --program-prefix=x86_64-linux-gnu- --enable-shared --enable-linker-build-id --libexecdir=/usr/lib --without-included-gettext --enable-threads=posix --libdir=/usr/lib --enable-nls --enable-bootstrap --enable-clocale=gnu --enable-libstdcxx-debug --enable-libstdcxx-time=yes --with-default-libstdcxx-abi=new --enable-gnu-unique-object --disable-vtable-verify --enable-plugin --enable-default-pie --with-system-zlib --enable-libphobos-checking=release --with-target-system-zlib=auto --enable-objc-gc=auto --enable-multiarch --disable-werror --enable-cet --with-arch-32=i686 --with-abi=m64 --with-multilib-list=m32,m64,mx32 --enable-multilib --with-tune=generic --enable-offload-targets=nvptx-none=/build/gcc-11-XeT9lY/gcc-11-11.4.0/debian/tmp-nvptx/usr,amdgcn-amdhsa=/build/gcc-11-XeT9lY/gcc-11-11.4.0/debian/tmp-gcn/usr --without-cuda-driver --enable-checking=release --build=x86_64-linux-gnu --host=x86_64-linux-gnu --target=x86_64-linux-gnu --with-build-config=bootstrap-lto-lean --enable-link-serialization=2
Thread model: posix
Supported LTO compression algorithms: zlib zstd
gcc version 11.4.0 (Ubuntu 11.4.0-1ubuntu1~22.04) 
... rest of stderr output deleted ...
configure:3936: $? = 0
configure:3925: gcc -V >&5
gcc: error: unrecognized command-line option '-V'
gcc: fatal error: no input files
compilation terminated.
configure:3936: $? = 1
configure:3925: gcc -qversion >&5
gcc: error: unrecognized command-line option '-qversion'; did you mean '--version'?
gcc: fatal error: no input files
compilation terminated.
configure:3936: $? = 1
configure:3925: gcc -version >&5
gcc: error: unrecognized command-line option '-version'
gcc: fatal error: no input files
compilation terminated.
configure:3936: $? = 1
configure:3956: checking whether the C compiler works
configure:3978: gcc -fPIC -g -O2   conftest.c  >&5
configure:3982: $? = 0
configure:4032: result: yes
configure:4035: checking for C compiler default output file name
configure:4037: result: a.out
configure:4043: checking for suffix of executables
configure:4050: gcc -o conftest -fPIC -g -O2   conftest.c  >&5
configure:4054: $? = 0
configure:4077: result: 
configure:4099: checking whether we are cross compiling
configure:4107: gcc -o conftest -fPIC -g -O2   conftest.c  >&5
configure:4111: $? = 0
configure:4118: ./conftest
configure:4122: $? = 0
configure:4137: result: no
configure:4142: checking for suffix of object files
configure:4165: gcc -c -fPIC -g -O2  conftest.c >&5
configure:4169: $? = 0
configure:4191: result: o
configure:4195: checking whether the compiler supports GNU C
configure:4215: gcc -c -fPIC -g -O2  conftest.c >&5
configure:4215: $? = 0
configure:4225: result: yes
configure:4236: checking whether gcc accepts -g
configure:4257: gcc -c -g  conftest.c >&5
configure:4257: $? = 0
configure:4301: result: yes
configure:4321: checking for gcc option to enable C11 features
configure:4336: gcc  -c -fPIC -g -O2  conftest.c >&5
configure:4336: $? = 0
configure:4354: result: none needed
configure:4470: checking whether gcc understands -c and -o together
configure:4493: gcc -c conftest.c -o conftest2.o
configure:4496: $? = 0
configure:4493: gcc -c conftest.c -o conftest2.o
configure:4496: $? = 0
configure:4508: result: yes
configure:4527: checking dependency style of gcc
configure:4639: result: gcc3
configure:4663: checking dependency style of gcc
configure:4773: result: gcc3
configure:4795: checking build system type
configure:4810: result: x86_64-pc-linux-gnu
configure:4830: checking host system type
configure:4844: result: x86_64-pc-linux-gnu
configure:4929: checking for stdio.h
configure:4929: gcc -c -fPIC -g -O2  conftest.c >&5
configure:4929: $? = 0
configure:4929: result: yes
configure:4929: checking for stdlib.h
configure:4929: gcc -c -fPIC -g -O2  conftest.c >&5
configure:4929: $? = 0
configure:4929: result: yes
configure:4929: checking for string.h
configure:4929: gcc -c -fPIC -g -O2  conftest.c >&5
configure:4929: $? = 0
configure:4929: result: yes
configure:4929: checking for inttypes.h
configure:4929: gcc -c -fPIC -g -O2  conftest.c >&5
configure:4929: $? = 0
configure:4929: result: yes
configure:4929: checking for stdint.h
configure:4929: gcc -c -fPIC -g -O2  conftest.c >&5
configure:4929: $? = 0
configure:4929: result: yes
configure:4929: checking for strings.h
configure:4929: gcc -c -fPIC -g -O2  conftest.c >&5
configure:4929: $? = 0
configure:4929: result: yes
configure:4929: checking for sys/stat.h
configure:4929: gcc -c -fPIC -g -O2  conftest.c >&5
configure:4929: $? = 0
configure:4929: result: yes
configure:4929: checking for sys/types.h
configure:4929: gcc -c -fPIC -g -O2  conftest.c >&5
configure:4929: $? = 0
configure:4929: result: yes
configure:4929: checking for unistd.h
configure:4929: gcc -c -fPIC -g -O2  conftest.c >&5
configure:4929: $? = 0
configure:4929: result: yes
configure:4929: checking for wchar.h
configure:4929: gcc -c -fPIC -g -O2  conftest.c >&5
configure:4929: $? = 0
configure:4929: result: yes
configure:4929: checking for minix/config.h
configure:4929: gcc -c -fPIC -g -O2  conftest.c >&5
conftest.c:49:10: fatal error: minix/config.h: No such file or directory
   49 | #include <minix/config.h>
      |          ^~~~~~~~~~~~~~~~
compilation terminated.
configure:4929: $? = 1
configure: failed program was:
| /* confdefs.h */
| #define PACKAGE_NAME "libisal"
| #define PACKAGE_TARNAME "isa-l"
| #define PACKAGE_VERSION "2.28.0"
| #define PACKAGE_STRING "libisal 2.28.0"
| #define PACKAGE_BUGREPORT "sg.support.isal@intel.com"
| #define PACKAGE_URL "http://01.org/storage-acceleration-library"
| #define PACKAGE "isa-l"
| #define VERSION "2.28.0"
| #define HAVE_STDIO_H 1
| #define HAVE_STDLIB_H 1
| #define HAVE_STRING_H 1
| #define HAVE_INTTYPES_H 1
| #define HAVE_STDINT_H 1
| #define HAVE_STRINGS_H 1
| #define HAVE_SYS_STAT_H 1
| #define HAVE_SYS_TYPES_H 1
| #define HAVE_UNISTD_H 1
| #define HAVE_WCHAR_H 1
| /* end confdefs.h.  */
| #include <stddef.h>
| #ifdef HAVE_STDIO_H
| # include <stdio.h>
| #endif
| #ifdef HAVE_STDLIB_H
| # include <stdlib.h>
| #endif
| #ifdef HAVE_STRING_H
| # include <string.h>
| #endif
| #ifdef HAVE_INTTYPES_H
| # include <inttypes.h>
| #endif
| #ifdef HAVE_STDINT_H
| # include <stdint.h>
| #endif
| #ifdef HAVE_STRINGS_H
| # include <strings.h>
| #endif
| #ifdef HAVE_SYS_TYPES_H
| # include <sys/types.h>
| #endif
| #ifdef HAVE_SYS_STAT_H
| # include <sys/stat.h>
| #endif
| #ifdef HAVE_UNISTD_H
| # include <unistd.h>
| #endif
| #include <minix/config.h>
configure:4929: result: no
configure:4960: checking whether it is safe to define __EXTENSIONS__
configure:4979: gcc -c -fPIC -g -O2  conftest.c >&5
configure:4979: $? = 0
configure:4987: result: yes
configure:4990: checking whether _XOPEN_SOURCE should be defined
configure:5012: gcc -c -fPIC -g -O2  conftest.c >&5
configure:5012: $? = 0
configure:5039: result: no
configure:5107: checking whether make supports nested variables
configure:5125: result: yes
configure:5183: checking how to print strings
configure:5210: result: printf
configure:5231: checking for a sed that does not truncate output
configure:5301: result: /usr/bin/sed
configure:5319: checking for grep that handles long lines and -e
configure:5383: result: /usr/bin/grep
configure:5388: checking for egrep
configure:5456: result: /usr/bin/grep -E
configure:5461: checking for fgrep
configure:5529: result: /usr/bin/grep -F
configure:5565: checking for ld used by gcc
configure:5633: result: /usr/bin/ld
configure:5640: checking if the linker (/usr/bin/ld) is GNU ld
configure:5656: result: yes
configure:5668: checking for BSD- or MS-compatible name lister (nm)
configure:5723: result: /usr/bin/nm -B
configure:5863: checking the name lister (/usr/bin/nm -B) interface
configure:5871: gcc -c -fPIC -g -O2  conftest.c >&5
configure:5874: /usr/bin/nm -B "conftest.o"
configure:5877: output
0000000000000000 B some_variable
configure:5884: result: BSD nm
configure:5887: checking whether ln -s works
configure:5891: result: yes
configure:5899: checking the maximum length of command line arguments
configure:6031: result: 1572864
configure:6079: checking how to convert x86_64-pc-linux-gnu file names to x86_64-pc-linux-gnu format
configure:6120: result: func_convert_file_noop
configure:6127: checking how to convert x86_64-pc-linux-gnu file names to toolchain format
configure:6148: result: func_convert_file_noop
configure:6155: checking for /usr/bin/ld option to reload object files
configure:6163: result: -r
configure:6242: checking for objdump
configure:6263: found /usr/bin/objdump
configure:6274: result: objdump
configure:6306: checking how to recognize dependent libraries
configure:6507: result: pass_all
configure:6597: checking for dlltool
configure:6632: result: no
configure:6662: checking how to associate runtime and link libraries
configure:6690: result: printf %s\n
configure:6755: checking for ar
configure:6776: found /usr/bin/ar
configure:6787: result: ar
configure:6824: checking for archiver @FILE support
configure:6842: gcc -c -fPIC -g -O2  conftest.c >&5
configure:6842: $? = 0
configure:6846: ar cr libconftest.a @conftest.lst >&5
configure:6849: $? = 0
configure:6854: ar cr libconftest.a @conftest.lst >&5
ar: conftest.o: No such file or directory
configure:6857: $? = 1
configure:6869: result: @
configure:6932: checking for strip
configure:6953: found /usr/bin/strip
configure:6964: result: strip
configure:7041: checking for ranlib
configure:7062: found /usr/bin/ranlib
configure:7073: result: ranlib
configure:7175: checking command to parse /usr/bin/nm -B output from gcc object
configure:7329: gcc -c -fPIC -g -O2  conftest.c >&5
configure:7332: $? = 0
configure:7336: /usr/bin/nm -B conftest.o | sed -n -e 's/^.*[	 ]\([ABCDGIRSTW][ABCDGIRSTW]*\)[	 ][	 ]*\([_A-Za-z][_A-Za-z0-9]*\)$/\1 \2 \2/p' | sed '/ __gnu_lto/d' > conftest.nm
configure:7402: gcc -o conftest -fPIC -g -O2   conftest.c conftstm.o >&5
configure:7405: $? = 0
configure:7443: result: ok
configure:7490: checking for sysroot
configure:7521: result: no
configure:7528: checking for a working dd
configure:7572: result: /usr/bin/dd
configure:7576: checking how to truncate binary pipes
configure:7592: result: /usr/bin/dd bs=4096 count=1
configure:7729: gcc -c -fPIC -g -O2  conftest.c >&5
configure:7732: $? = 0
configure:7929: checking for mt
configure:7950: found /usr/bin/mt
configure:7961: result: mt
configure:7984: checking if mt is a manifest tool
configure:7991: mt '-?'
configure:7999: result: no
configure:8725: checking for dlfcn.h
configure:8725: gcc -c -fPIC -g -O2  conftest.c >&5
configure:8725: $? = 0
configure:8725: result: yes
configure:8984: checking for objdir
configure:9000: result: .libs
configure:9260: checking if gcc supports -fno-rtti -fno-exceptions
configure:9279: gcc -c -fPIC -g -O2  -fno-rtti -fno-exceptions conftest.c >&5
cc1: warning: command-line option '-fno-rtti' is valid for C++/D/ObjC++ but not for C
configure:9283: $? = 0
configure:9296: result: no
configure:9660: checking for gcc option to produce PIC
configure:9668: result: -fPIC -DPIC
configure:9676: checking if gcc PIC flag -fPIC -DPIC works
configure:9695: gcc -c -fPIC -g -O2  -fPIC -DPIC -DPIC conftest.c >&5
configure:9699: $? = 0
configure:9712: result: yes
configure:9741: checking if gcc static flag -static works
configure:9770: result: yes
configure:9785: checking if gcc supports -c -o file.o
configure:9807: gcc -c -fPIC -g -O2  -o out/conftest2.o conftest.c >&5
configure:9811: $? = 0
configure:9833: result: yes
configure:9841: checking if gcc supports -c -o file.o
configure:9889: result: yes
configure:9922: checking whether the gcc linker (/usr/bin/ld -m elf_x86_64) supports shared libraries
configure:11192: result: yes
configure:11433: checking dynamic linker characteristics
configure:12015: gcc -o conftest -fPIC -g -O2   -Wl,-rpath -Wl,/foo conftest.c  >&5
configure:12015: $? = 0
configure:12266: result: GNU/Linux ld.so
configure:12388: checking how to hardcode library paths into programs
configure:12413: result: immediate
configure:12965: checking whether stripping libraries is possible
configure:12970: result: yes
configure:13005: checking if libtool supports shared libraries
configure:13007: result: yes
configure:13010: checking whether to build shared libraries
configure:13035: result: no
configure:13038: checking whether to build static libraries
configure:13042: result: yes
configure:13080: checking for a sed that does not truncate output
configure:13150: result: /usr/bin/sed
configure:13183: checking for yasm
configure:13216: result: no
configure:13227: result: no yasm
configure:13284: checking for nasm
configure:13305: found /usr/bin/nasm
configure:13317: result: yes
configure:13333: checking for modern nasm
configure:13341: result: yes
configure:13350: checking for optional nasm AVX512 support
configure:13358: result: yes
configure:13367: checking for additional nasm AVX512 support
configure:13375: result: yes
configure:13563: result: Using nasm args target "linux" "-f elf64"
configure:13603: checking for limits.h
configure:13603: gcc -c -fPIC -g -O2  conftest.c >&5
configure:13603: $? = 0
configure:13603: result: yes
configure:13609: checking for stdint.h
configure:13609: result: yes
configure:13615: checking for stdlib.h
configure:13615: result: yes
configure:13621: checking for string.h
configure:13621: result: yes
configure:13630: checking for inline
configure:13647: gcc -c -fPIC -g -O2  conftest.c >&5
configure:13647: $? = 0
configure:13656: result: inline
configure:13674: checking for size_t
configure:13674: gcc -c -fPIC -g -O2  conftest.c >&5
configure:13674: $? = 0
configure:13674: gcc -c -fPIC -g -O2  conftest.c >&5
conftest.c: In function 'main':
conftest.c:77:21: error: expected expression before ')' token
   77 | if (sizeof ((size_t)))
      |                     ^
configure:13674: $? = 1
configure: failed program was:
| /* confdefs.h */
| #define PACKAGE_NAME "libisal"
| #define PACKAGE_TARNAME "isa-l"
| #define PACKAGE_VERSION "2.28.0"
| #define PACKAGE_STRING "libisal 2.28.0"
| #define PACKAGE_BUGREPORT "sg.support.isal@intel.com"
| #define PACKAGE_URL "http://01.org/storage-acceleration-library"
| #define PACKAGE "isa-l"
| #define VERSION "2.28.0"
| #define HAVE_STDIO_H 1
| #define HAVE_STDLIB_H 1
| #define HAVE_STRING_H 1
| #define HAVE_INTTYPES_H 1
| #define HAVE_STDINT_H 1
| #define HAVE_STRINGS_H 1
| #define HAVE_SYS_STAT_H 1
| #define HAVE_SYS_TYPES_H 1
| #define HAVE_UNISTD_H 1
| #define HAVE_WCHAR_H 1
| #define STDC_HEADERS 1
| #define _ALL_SOURCE 1
| #define _DARWIN_C_SOURCE 1
| #define _GNU_SOURCE 1
| #define _HPUX_ALT_XOPEN_SOCKET_API 1
| #define _NETBSD_SOURCE 1
| #define _OPENBSD_SOURCE 1
| #define _POSIX_PTHREAD_SEMANTICS 1
| #define __STDC_WANT_IEC_60559_ATTRIBS_EXT__ 1
| #define __STDC_WANT_IEC_60559_BFP_EXT__ 1
| #define __STDC_WANT_IEC_60559_DFP_EXT__ 1
| #define __STDC_WANT_IEC_60559_FUNCS_EXT__ 1
| #define __STDC_WANT_IEC_60559_TYPES_EXT__ 1
| #define __STDC_WANT_LIB_EXT2__ 1
| #define __STDC_WANT_MATH_SPEC_FUNCS__ 1
| #define _TANDEM_SOURCE 1
| #define __EXTENSIONS__ 1
| #define HAVE_DLFCN_H 1
| #define LT_OBJDIR ".libs/"
| #define AS_FEATURE_LEVEL 10
| #define HAVE_AS_KNOWS_AVX512 1
| #define HAVE_LIMITS_H 1
| #define HAVE_STDINT_H 1
| #define HAVE_STDLIB_H 1
| #define HAVE_STRING_H 1
| /* end confdefs.h.  */
| #include <stddef.h>
| #ifdef HAVE_STDIO_H
| # include <stdio.h>
| #endif
| #ifdef HAVE_STDLIB_H
| # include <stdlib.h>
| #endif
| #ifdef HAVE_STRING_H
| # include <string.h>
| #endif
| #ifdef HAVE_INTTYPES_H
| # include <inttypes.h>
| #endif
| #ifdef HAVE_STDINT_H
| # include <stdint.h>
| #endif
| #ifdef HAVE_STRINGS_H
| # include <strings.h>
| #endif
| #ifdef HAVE_SYS_TYPES_H
| # include <sys/types.h>
| #endif
| #ifdef HAVE_SYS_STAT_H
| # include <sys/stat.h>
| #endif
| #ifdef HAVE_UNISTD_H
| # include <unistd.h>
| #endif
| int
| main (void)
| {
| if (sizeof ((size_t)))
| 	    return 0;
|   ;
|   return 0;
| }
configure:13674: result: yes
configure:13684: checking for uint16_t
configure:13684: gcc -c -fPIC -g -O2  conftest.c >&5
configure:13684: $? = 0
configure:13684: result: yes
configure:13694: checking for uint32_t
configure:13694: gcc -c -fPIC -g -O2  conftest.c >&5
configure:13694: $? = 0
configure:13694: result: yes
configure:13706: checking for uint64_t
configure:13706: gcc -c -fPIC -g -O2  conftest.c >&5
configure:13706: $? = 0
configure:13706: result: yes
configure:13718: checking for uint8_t
configure:13718: gcc -c -fPIC -g -O2  conftest.c >&5
configure:13718: $? = 0
configure:13718: result: yes
configure:13732: checking for GNU libc compatible malloc
configure:13764: gcc -o conftest -fPIC -g -O2   conftest.c  >&5
configure:13764: $? = 0
configure:13764: ./conftest
configure:13764: $? = 0
configure:13775: result: yes
configure:13797: checking for memmove
configure:13797: gcc -o conftest -fPIC -g -O2   conftest.c  >&5
conftest.c:63:6: warning: conflicting types for built-in function 'memmove'; expected 'void *(void *, const void *, long unsigned int)' [-Wbuiltin-declaration-mismatch]
   63 | char memmove ();
      |      ^~~~~~~
conftest.c:55:1: note: 'memmove' is declared in header '<string.h>'
   54 | #include <limits.h>
   55 | #undef memmove
configure:13797: $? = 0
configure:13797: result: yes
configure:13803: checking for memset
configure:13803: gcc -o conftest -fPIC -g -O2   conftest.c  >&5
conftest.c:64:6: warning: conflicting types for built-in function 'memset'; expected 'void *(void *, int,  long unsigned int)' [-Wbuiltin-declaration-mismatch]
   64 | char memset ();
      |      ^~~~~~
conftest.c:56:1: note: 'memset' is declared in header '<string.h>'
   55 | #include <limits.h>
   56 | #undef memset
configure:13803: $? = 0
configure:13803: result: yes
configure:13809: checking for getopt
configure:13809: gcc -o conftest -fPIC -g -O2   conftest.c  >&5
configure:13809: $? = 0
configure:13809: result: yes
configure:13969: checking that generated files are newer than configure
configure:13975: result: done
configure:14050: creating ./config.status
configure:16006: result:
        isa-l 2.28.0
        =====

        prefix:                 /usr
        sysconfdir:             ${prefix}/etc
        libdir:                 ${exec_prefix}/lib
        includedir:             ${prefix}/include

        compiler:               gcc
        cflags:                 -fPIC -g -O2
        ldflags:                

        debug:                  no


## ---------------- ##
## Cache variables. ##
## ---------------- ##

ac_cv_build=x86_64-pc-linux-gnu
ac_cv_c_compiler_gnu=yes
ac_cv_c_inline=inline
ac_cv_c_uint16_t=yes
ac_cv_c_uint32_t=yes
ac_cv_c_uint64_t=yes
ac_cv_c_uint8_t=yes
ac_cv_env_CCASFLAGS_set=
ac_cv_env_CCASFLAGS_value=
ac_cv_env_CCAS_set=
ac_cv_env_CCAS_value=
ac_cv_env_CC_set=
ac_cv_env_CC_value=
ac_cv_env_CFLAGS_set=set
ac_cv_env_CFLAGS_value='-fPIC -g -O2'
ac_cv_env_CPPFLAGS_set=
ac_cv_env_CPPFLAGS_value=
ac_cv_env_LDFLAGS_set=
ac_cv_env_LDFLAGS_value=
ac_cv_env_LIBS_set=
ac_cv_env_LIBS_value=
ac_cv_env_LT_SYS_LIBRARY_PATH_set=
ac_cv_env_LT_SYS_LIBRARY_PATH_value=
ac_cv_env_build_alias_set=
ac_cv_env_build_alias_value=
ac_cv_env_host_alias_set=
ac_cv_env_host_alias_value=
ac_cv_env_target_alias_set=
ac_cv_env_target_alias_value=
ac_cv_func_getopt=yes
ac_cv_func_malloc_0_nonnull=yes
ac_cv_func_memmove=yes
ac_cv_func_memset=yes
ac_cv_header_dlfcn_h=yes
ac_cv_header_inttypes_h=yes
ac_cv_header_limits_h=yes
ac_cv_header_minix_config_h=no
ac_cv_header_stdint_h=yes
ac_cv_header_stdio_h=yes
ac_cv_header_stdlib_h=yes
ac_cv_header_string_h=yes
ac_cv_header_strings_h=yes
ac_cv_header_sys_stat_h=yes
ac_cv_header_sys_types_h=yes
ac_cv_header_unistd_h=yes
ac_cv_header_wchar_h=yes
ac_cv_host=x86_64-pc-linux-gnu
ac_cv_objext=o
ac_cv_path_EGREP='/usr/bin/grep -E'
ac_cv_path_FGREP='/usr/bin/grep -F'
ac_cv_path_GREP=/usr/bin/grep
ac_cv_path_SED=/usr/bin/sed
ac_cv_path_install='/usr/bin/install -c'
ac_cv_path_lt_DD=/usr/bin/dd
ac_cv_path_mkdir=/usr/bin/mkdir
ac_cv_prog_AWK=mawk
ac_cv_prog_HAVE_NASM=yes
ac_cv_prog_HAVE_YASM=no
ac_cv_prog_ac_ct_AR=ar
ac_cv_prog_ac_ct_CC=gcc
ac_cv_prog_ac_ct_MANIFEST_TOOL=mt
ac_cv_prog_ac_ct_OBJDUMP=objdump
ac_cv_prog_ac_ct_RANLIB=ranlib
ac_cv_prog_ac_ct_STRIP=strip
ac_cv_prog_cc_c11=
ac_cv_prog_cc_g=yes
ac_cv_prog_cc_stdc=
ac_cv_prog_make_make_set=yes
ac_cv_safe_to_define___extensions__=yes
ac_cv_should_define__xopen_source=no
ac_cv_type_size_t=yes
am_cv_CCAS_dependencies_compiler_type=gcc3
am_cv_CC_dependencies_compiler_type=gcc3
am_cv_make_support_nested_variables=yes
am_cv_prog_cc_c_o=yes
am_cv_prog_tar_pax=gnutar
lt_cv_ar_at_file=@
lt_cv_deplibs_check_method=pass_all
lt_cv_file_magic_cmd='$MAGIC_CMD'
lt_cv_file_magic_test_file=
lt_cv_ld_reload_flag=-r
lt_cv_nm_interface='BSD nm'
lt_cv_objdir=.libs
lt_cv_path_LD=/usr/bin/ld
lt_cv_path_NM='/usr/bin/nm -B'
lt_cv_path_mainfest_tool=no
lt_cv_prog_compiler_c_o=yes
lt_cv_prog_compiler_pic='-fPIC -DPIC'
lt_cv_prog_compiler_pic_works=yes
lt_cv_prog_compiler_rtti_exceptions=no
lt_cv_prog_compiler_static_works=yes
lt_cv_prog_gnu_ld=yes
lt_cv_sharedlib_from_linklib_cmd='printf %s\n'
lt_cv_shlibpath_overrides_runpath=yes
lt_cv_sys_global_symbol_pipe='sed -n -e '\''s/^.*[	 ]\([ABCDGIRSTW][ABCDGIRSTW]*\)[	 ][	 ]*\([_A-Za-z][_A-Za-z0-9]*\)$/\1 \2 \2/p'\'' | sed '\''/ __gnu_lto/d'\'''
lt_cv_sys_global_symbol_to_c_name_address='sed -n -e '\''s/^: \(.*\) .*$/  {"\1", (void *) 0},/p'\'' -e '\''s/^[ABCDGIRSTW][ABCDGIRSTW]* .* \(.*\)$/  {"\1", (void *) \&\1},/p'\'''
lt_cv_sys_global_symbol_to_c_name_address_lib_prefix='sed -n -e '\''s/^: \(.*\) .*$/  {"\1", (void *) 0},/p'\'' -e '\''s/^[ABCDGIRSTW][ABCDGIRSTW]* .* \(lib.*\)$/  {"\1", (void *) \&\1},/p'\'' -e '\''s/^[ABCDGIRSTW][ABCDGIRSTW]* .* \(.*\)$/  {"lib\1", (void *) \&\1},/p'\'''
lt_cv_sys_global_symbol_to_cdecl='sed -n -e '\''s/^T .* \(.*\)$/extern int \1();/p'\'' -e '\''s/^[ABCDGIRSTW][ABCDGIRSTW]* .* \(.*\)$/extern char \1;/p'\'''
lt_cv_sys_global_symbol_to_import=
lt_cv_sys_max_cmd_len=1572864
lt_cv_to_host_file_cmd=func_convert_file_noop
lt_cv_to_tool_file_cmd=func_convert_file_noop
lt_cv_truncate_bin='/usr/bin/dd bs=4096 count=1'

## ----------------- ##
## Output variables. ##
## ----------------- ##

ACLOCAL='${SHELL} '\''/home/hyc/xssdtest_ai/xt_platform/spdk/isa-l/build-aux/missing'\'' aclocal-1.16'
AMDEPBACKSLASH='\'
AMDEP_FALSE='#'
AMDEP_TRUE=''
AMTAR='$${TAR-tar}'
AM_BACKSLASH='\'
AM_DEFAULT_V='$(AM_DEFAULT_VERBOSITY)'
AM_DEFAULT_VERBOSITY='0'
AM_V='$(V)'
AR='ar'
AUTOCONF='${SHELL} '\''/home/hyc/xssdtest_ai/xt_platform/spdk/isa-l/build-aux/missing'\'' autoconf'
AUTOHEADER='${SHELL} '\''/home/hyc/xssdtest_ai/xt_platform/spdk/isa-l/build-aux/missing'\'' autoheader'
AUTOMAKE='${SHELL} '\''/home/hyc/xssdtest_ai/xt_platform/spdk/isa-l/build-aux/missing'\'' automake-1.16'
AWK='mawk'
CC='gcc'
CCAS='gcc'
CCASDEPMODE='depmode=gcc3'
CCASFLAGS='-fPIC -g -O2'
CCDEPMODE='depmode=gcc3'
CFLAGS='-fPIC -g -O2'
CPPFLAGS=''
CPU_AARCH64_FALSE=''
CPU_AARCH64_TRUE='#'
CPU_UNDEFINED_FALSE=''
CPU_UNDEFINED_TRUE='#'
CPU_X86_32_FALSE=''
CPU_X86_32_TRUE='#'
CPU_X86_64_FALSE='#'
CPU_X86_64_TRUE=''
CSCOPE='cscope'
CTAGS='ctags'
CYGPATH_W='echo'
DARWIN_FALSE=''
DARWIN_TRUE='#'
DEFS='-DPACKAGE_NAME=\"libisal\" -DPACKAGE_TARNAME=\"isa-l\" -DPACKAGE_VERSION=\"2.28.0\" -DPACKAGE_STRING=\"libisal\ 2.28.0\" -DPACKAGE_BUGREPORT=\"sg.support.isal@intel.com\" -DPACKAGE_URL=\"http://01.org/storage-acceleration-library\" -DPACKAGE=\"isa-l\" -DVERSION=\"2.28.0\" -DHAVE_STDIO_H=1 -DHAVE_STDLIB_H=1 -DHAVE_STRING_H=1 -DHAVE_INTTYPES_H=1 -DHAVE_STDINT_H=1 -DHAVE_STRINGS_H=1 -DHAVE_SYS_STAT_H=1 -DHAVE_SYS_TYPES_H=1 -DHAVE_UNISTD_H=1 -DHAVE_WCHAR_H=1 -DSTDC_HEADERS=1 -D_ALL_SOURCE=1 -D_DARWIN_C_SOURCE=1 -D_GNU_SOURCE=1 -D_HPUX_ALT_XOPEN_SOCKET_API=1 -D_NETBSD_SOURCE=1 -D_OPENBSD_SOURCE=1 -D_POSIX_PTHREAD_SEMANTICS=1 -D__STDC_WANT_IEC_60559_ATTRIBS_EXT__=1 -D__STDC_WANT_IEC_60559_BFP_EXT__=1 -D__STDC_WANT_IEC_60559_DFP_EXT__=1 -D__STDC_WANT_IEC_60559_FUNCS_EXT__=1 -D__STDC_WANT_IEC_60559_TYPES_EXT__=1 -D__STDC_WANT_LIB_EXT2__=1 -D__STDC_WANT_MATH_SPEC_FUNCS__=1 -D_TANDEM_SOURCE=1 -D__EXTENSIONS__=1 -DHAVE_DLFCN_H=1 -DLT_OBJDIR=\".libs/\" -DAS_FEATURE_LEVEL=10 -DHAVE_AS_KNOWS_AVX512=1 -DHAVE_LIMITS_H=1 -DHAVE_STDINT_H=1 -DHAVE_STDLIB_H=1 -DHAVE_STRING_H=1 -DHAVE_MALLOC=1 -DHAVE_MEMMOVE=1 -DHAVE_MEMSET=1 -DHAVE_GETOPT=1'
DEPDIR='.deps'
DLLTOOL='false'
DSYMUTIL=''
DUMPBIN=''
ECHO_C=''
ECHO_N='-n'
ECHO_T=''
EGREP='/usr/bin/grep -E'
ETAGS='etags'
EXEEXT=''
FGREP='/usr/bin/grep -F'
GREP='/usr/bin/grep'
HAVE_AS=''
HAVE_NASM='yes'
HAVE_YASM='no'
INSTALL_DATA='${INSTALL} -m 644'
INSTALL_PROGRAM='${INSTALL}'
INSTALL_SCRIPT='${INSTALL}'
INSTALL_STRIP_PROGRAM='$(install_sh) -c -s'
LD='/usr/bin/ld -m elf_x86_64'
LDFLAGS=''
LIBOBJS=''
LIBS=''
LIBTOOL='$(SHELL) $(top_builddir)/libtool'
LIPO=''
LN_S='ln -s'
LTLIBOBJS=''
LT_SYS_LIBRARY_PATH=''
MAKEINFO='${SHELL} '\''/home/hyc/xssdtest_ai/xt_platform/spdk/isa-l/build-aux/missing'\'' makeinfo'
MANIFEST_TOOL=':'
MKDIR_P='/usr/bin/mkdir -p'
NM='/usr/bin/nm -B'
NMEDIT=''
OBJDUMP='objdump'
OBJEXT='o'
OTOOL64=''
OTOOL=''
PACKAGE='isa-l'
PACKAGE_BUGREPORT='sg.support.isal@intel.com'
PACKAGE_NAME='libisal'
PACKAGE_STRING='libisal 2.28.0'
PACKAGE_TARNAME='isa-l'
PACKAGE_URL='http://01.org/storage-acceleration-library'
PACKAGE_VERSION='2.28.0'
PATH_SEPARATOR=':'
RANLIB='ranlib'
SED='/usr/bin/sed'
SET_MAKE=''
SHELL='/bin/bash'
STRIP='strip'
USE_NASM_FALSE='#'
USE_NASM_TRUE=''
USE_YASM_FALSE=''
USE_YASM_TRUE='#'
VERSION='2.28.0'
WITH_AVX512_FALSE='#'
WITH_AVX512_TRUE=''
ac_ct_AR='ar'
ac_ct_CC='gcc'
ac_ct_DUMPBIN=''
am__EXEEXT_FALSE=''
am__EXEEXT_TRUE='#'
am__fastdepCCAS_FALSE='#'
am__fastdepCCAS_TRUE=''
am__fastdepCC_FALSE='#'
am__fastdepCC_TRUE=''
am__include='include'
am__isrc=''
am__leading_dot='.'
am__nodep='_no'
am__quote=''
am__tar='tar --format=posix -chf - "$$tardir"'
am__untar='tar -xf -'
bindir='${exec_prefix}/bin'
build='x86_64-pc-linux-gnu'
build_alias=''
build_cpu='x86_64'
build_os='linux-gnu'
build_vendor='pc'
datadir='${datarootdir}'
datarootdir='${prefix}/share'
docdir='${datarootdir}/doc/${PACKAGE_TARNAME}'
dvidir='${docdir}'
exec_prefix='${prefix}'
host='x86_64-pc-linux-gnu'
host_alias=''
host_cpu='x86_64'
host_os='linux-gnu'
host_vendor='pc'
htmldir='${docdir}'
includedir='${prefix}/include'
infodir='${datarootdir}/info'
install_sh='${SHELL} /home/hyc/xssdtest_ai/xt_platform/spdk/isa-l/build-aux/install-sh'
libdir='${exec_prefix}/lib'
libexecdir='${exec_prefix}/libexec'
localedir='${datarootdir}/locale'
localstatedir='${prefix}/var'
mandir='${datarootdir}/man'
mkdir_p='$(MKDIR_P)'
my_CFLAGS='-Wall -Wchar-subscripts -Wformat-security -Wnested-externs -Wpointer-arith -Wshadow -Wstrict-prototypes -Wtype-limits '
oldincludedir='/usr/include'
pdfdir='${docdir}'
prefix='/usr'
program_transform_name='s,x,x,'
psdir='${docdir}'
runstatedir='${localstatedir}/run'
sbindir='${exec_prefix}/sbin'
sharedstatedir='${prefix}/com'
sysconfdir='${prefix}/etc'
target_alias=''
yasm_args='-f elf64'

## ----------- ##
## confdefs.h. ##
## ----------- ##

/* confdefs.h */
#define PACKAGE_NAME "libisal"
#define PACKAGE_TARNAME "isa-l"
#define PACKAGE_VERSION "2.28.0"
#define PACKAGE_STRING "libisal 2.28.0"
#define PACKAGE_BUGREPORT "sg.support.isal@intel.com"
#define PACKAGE_URL "http://01.org/storage-acceleration-library"
#define PACKAGE "isa-l"
#define VERSION "2.28.0"
#define HAVE_STDIO_H 1
#define HAVE_STDLIB_H 1
#define HAVE_STRING_H 1
#define HAVE_INTTYPES_H 1
#define HAVE_STDINT_H 1
#define HAVE_STRINGS_H 1
#define HAVE_SYS_STAT_H 1
#define HAVE_SYS_TYPES_H 1
#define HAVE_UNISTD_H 1
#define HAVE_WCHAR_H 1
#define STDC_HEADERS 1
#define _ALL_SOURCE 1
#define _DARWIN_C_SOURCE 1
#define _GNU_SOURCE 1
#define _HPUX_ALT_XOPEN_SOCKET_API 1
#define _NETBSD_SOURCE 1
#define _OPENBSD_SOURCE 1
#define _POSIX_PTHREAD_SEMANTICS 1
#define __STDC_WANT_IEC_60559_ATTRIBS_EXT__ 1
#define __STDC_WANT_IEC_60559_BFP_EXT__ 1
#define __STDC_WANT_IEC_60559_DFP_EXT__ 1
#define __STDC_WANT_IEC_60559_FUNCS_EXT__ 1
#define __STDC_WANT_IEC_60559_TYPES_EXT__ 1
#define __STDC_WANT_LIB_EXT2__ 1
#define __STDC_WANT_MATH_SPEC_FUNCS__ 1
#define _TANDEM_SOURCE 1
#define __EXTENSIONS__ 1
#define HAVE_DLFCN_H 1
#define LT_OBJDIR ".libs/"
#define AS_FEATURE_LEVEL 10
#define HAVE_AS_KNOWS_AVX512 1
#define HAVE_LIMITS_H 1
#define HAVE_STDINT_H 1
#define HAVE_STDLIB_H 1
#define HAVE_STRING_H 1
#define HAVE_MALLOC 1
#define HAVE_MEMMOVE 1
#define HAVE_MEMSET 1
#define HAVE_GETOPT 1

configure: exit 0

## ---------------------- ##
## Running config.status. ##
## ---------------------- ##

This file was extended by libisal config.status 2.28.0, which was
generated by GNU Autoconf 2.71.  Invocation command line was

  CONFIG_FILES    = 
  CONFIG_HEADERS  = 
  CONFIG_LINKS    = 
  CONFIG_COMMANDS = 
  $ ./config.status 

on hyc-MS-7D25

config.status:1034: creating Makefile
config.status:1034: creating libisal.pc
config.status:1206: executing depfiles commands
config.status:1283: cd .       && sed -e '/# am--include-marker/d' Makefile         | make -f - am--depfiles
make[3]: Nothing to be done for 'am--depfiles'.
config.status:1288: $? = 0
config.status:1206: executing libtool commands
